2023-02-08 13:20:15 [main] INFO  c.t.p.PostgresDemoApplication - Starting PostgresDemoApplication using Java 17.0.4.1 on DESKTOP-DOMLKQE with PID 16960 (D:\WORKSPACE_SB\postgredemo\target\classes started by HP in D:\WORKSPACE_SB\postgredemo)
2023-02-08 13:20:15 [main] DEBUG c.t.p.PostgresDemoApplication - Running with Spring Boot v2.7.8, Spring v5.3.25
2023-02-08 13:20:15 [main] INFO  c.t.p.PostgresDemoApplication - No active profile set, falling back to 1 default profile: "default"
2023-02-08 13:20:37 [main] INFO  o.s.d.r.c.RepositoryConfigurationDelegate - Bootstrapping Spring Data JPA repositories in DEFAULT mode.
2023-02-08 13:20:38 [main] INFO  o.s.d.r.c.RepositoryConfigurationDelegate - Finished Spring Data repository scanning in 1045 ms. Found 2 JPA repository interfaces.
2023-02-08 13:20:58 [main] INFO  o.s.b.w.e.tomcat.TomcatWebServer - Tomcat initialized with port(s): 8080 (http)
2023-02-08 13:20:58 [main] INFO  o.a.catalina.core.StandardService - Starting service [Tomcat]
2023-02-08 13:20:58 [main] INFO  o.a.catalina.core.StandardEngine - Starting Servlet engine: [Apache Tomcat/9.0.71]
2023-02-08 13:21:04 [main] INFO  o.a.c.c.C.[Tomcat].[localhost].[/] - Initializing Spring embedded WebApplicationContext
2023-02-08 13:21:04 [main] INFO  o.s.b.w.s.c.ServletWebServerApplicationContext - Root WebApplicationContext: initialization completed in 47633 ms
2023-02-08 13:21:13 [main] INFO  o.h.jpa.internal.util.LogHelper - HHH000204: Processing PersistenceUnitInfo [name: default]
2023-02-08 13:21:14 [main] INFO  org.hibernate.Version - HHH000412: Hibernate ORM core version 5.6.14.Final
2023-02-08 13:21:20 [main] INFO  o.h.annotations.common.Version - HCANN000001: Hibernate Commons Annotations {5.1.2.Final}
2023-02-08 13:21:21 [main] INFO  com.zaxxer.hikari.HikariDataSource - HikariPool-1 - Starting...
2023-02-08 13:21:22 [main] INFO  com.zaxxer.hikari.HikariDataSource - HikariPool-1 - Start completed.
2023-02-08 13:21:23 [main] INFO  org.hibernate.dialect.Dialect - HHH000400: Using dialect: org.hibernate.dialect.PostgreSQLDialect
2023-02-08 13:21:31 [main] INFO  o.h.e.t.j.p.i.JtaPlatformInitiator - HHH000490: Using JtaPlatform implementation: [org.hibernate.engine.transaction.jta.platform.internal.NoJtaPlatform]
2023-02-08 13:21:31 [main] INFO  o.s.o.j.LocalContainerEntityManagerFactoryBean - Initialized JPA EntityManagerFactory for persistence unit 'default'
2023-02-08 13:21:33 [main] WARN  o.s.b.a.o.j.JpaBaseConfiguration$JpaWebConfiguration - spring.jpa.open-in-view is enabled by default. Therefore, database queries may be performed during view rendering. Explicitly configure spring.jpa.open-in-view to disable this warning
2023-02-08 13:21:36 [main] INFO  o.s.b.w.e.tomcat.TomcatWebServer - Tomcat started on port(s): 8080 (http) with context path ''
2023-02-08 13:21:36 [main] INFO  c.t.p.PostgresDemoApplication - Started PostgresDemoApplication in 92.071 seconds (JVM running for 105.074)
2023-02-08 16:14:27 [main] INFO  c.t.p.PostgresDemoApplication - Starting PostgresDemoApplication using Java 17.0.4.1 on DESKTOP-DOMLKQE with PID 9292 (D:\WORKSPACE_SB\postgredemo\target\classes started by HP in D:\WORKSPACE_SB\postgredemo)
2023-02-08 16:14:27 [main] DEBUG c.t.p.PostgresDemoApplication - Running with Spring Boot v2.7.8, Spring v5.3.25
2023-02-08 16:14:27 [main] INFO  c.t.p.PostgresDemoApplication - No active profile set, falling back to 1 default profile: "default"
2023-02-08 16:14:30 [main] INFO  o.s.d.r.c.RepositoryConfigurationDelegate - Bootstrapping Spring Data JPA repositories in DEFAULT mode.
2023-02-08 16:14:30 [main] INFO  o.s.d.r.c.RepositoryConfigurationDelegate - Finished Spring Data repository scanning in 152 ms. Found 2 JPA repository interfaces.
2023-02-08 16:14:32 [main] INFO  o.s.b.w.e.tomcat.TomcatWebServer - Tomcat initialized with port(s): 8080 (http)
2023-02-08 16:14:33 [main] INFO  o.a.catalina.core.StandardService - Starting service [Tomcat]
2023-02-08 16:14:33 [main] INFO  o.a.catalina.core.StandardEngine - Starting Servlet engine: [Apache Tomcat/9.0.71]
2023-02-08 16:14:33 [main] INFO  o.a.c.c.C.[Tomcat].[localhost].[/] - Initializing Spring embedded WebApplicationContext
2023-02-08 16:14:33 [main] INFO  o.s.b.w.s.c.ServletWebServerApplicationContext - Root WebApplicationContext: initialization completed in 5701 ms
2023-02-08 16:14:34 [main] INFO  o.h.jpa.internal.util.LogHelper - HHH000204: Processing PersistenceUnitInfo [name: default]
2023-02-08 16:14:34 [main] INFO  org.hibernate.Version - HHH000412: Hibernate ORM core version 5.6.14.Final
2023-02-08 16:14:34 [main] INFO  o.h.annotations.common.Version - HCANN000001: Hibernate Commons Annotations {5.1.2.Final}
2023-02-08 16:14:35 [main] INFO  com.zaxxer.hikari.HikariDataSource - HikariPool-1 - Starting...
2023-02-08 16:14:37 [main] INFO  com.zaxxer.hikari.HikariDataSource - HikariPool-1 - Start completed.
2023-02-08 16:14:37 [main] INFO  org.hibernate.dialect.Dialect - HHH000400: Using dialect: org.hibernate.dialect.PostgreSQLDialect
2023-02-08 16:14:41 [main] INFO  o.h.e.t.j.p.i.JtaPlatformInitiator - HHH000490: Using JtaPlatform implementation: [org.hibernate.engine.transaction.jta.platform.internal.NoJtaPlatform]
2023-02-08 16:14:41 [main] INFO  o.s.o.j.LocalContainerEntityManagerFactoryBean - Initialized JPA EntityManagerFactory for persistence unit 'default'
2023-02-08 16:14:43 [main] WARN  o.s.b.a.o.j.JpaBaseConfiguration$JpaWebConfiguration - spring.jpa.open-in-view is enabled by default. Therefore, database queries may be performed during view rendering. Explicitly configure spring.jpa.open-in-view to disable this warning
2023-02-08 16:14:44 [main] INFO  o.s.b.w.e.tomcat.TomcatWebServer - Tomcat started on port(s): 8080 (http) with context path ''
2023-02-08 16:14:44 [main] INFO  c.t.p.PostgresDemoApplication - Started PostgresDemoApplication in 17.712 seconds (JVM running for 20.336)
2023-02-08 16:14:59 [http-nio-8080-exec-1] INFO  o.a.c.c.C.[Tomcat].[localhost].[/] - Initializing Spring DispatcherServlet 'dispatcherServlet'
2023-02-08 16:14:59 [http-nio-8080-exec-1] INFO  o.s.web.servlet.DispatcherServlet - Initializing Servlet 'dispatcherServlet'
2023-02-08 16:14:59 [http-nio-8080-exec-1] INFO  o.s.web.servlet.DispatcherServlet - Completed initialization in 2 ms
2023-02-08 16:15:00 [http-nio-8080-exec-1] INFO  c.t.p.controller.QuestionController - update question method
2023-02-08 16:42:03 [http-nio-8080-exec-6] INFO  c.t.p.controller.QuestionController - update question method
2023-02-08 16:42:06 [http-nio-8080-exec-6] ERROR c.t.p.controller.QuestionController - Custom exception Question not found with id 10null
2023-02-08 16:42:12 [http-nio-8080-exec-5] INFO  c.t.p.controller.QuestionController - update question method
2023-02-08 16:42:12 [http-nio-8080-exec-5] ERROR c.t.p.controller.QuestionController - Custom exception Question not found with id 10null
2023-02-08 16:47:44 [http-nio-8080-exec-9] INFO  c.t.p.controller.QuestionController - update question method
2023-02-08 16:47:45 [http-nio-8080-exec-9] ERROR c.t.p.controller.QuestionController - Custom exception Question not found with id 10null
2023-02-08 17:10:38 [http-nio-8080-exec-2] INFO  c.t.p.controller.QuestionController - get all called
2023-02-08 17:16:14 [http-nio-8080-exec-3] INFO  c.t.p.controller.QuestionController - get all called
2023-02-08 17:27:39 [RMI TCP Connection(77)-127.0.0.1] INFO  o.s.b.a.SpringApplicationAdminMXBeanRegistrar$SpringApplicationAdmin - Application shutdown requested.
2023-02-08 17:27:39 [RMI TCP Connection(79)-127.0.0.1] INFO  o.s.b.a.SpringApplicationAdminMXBeanRegistrar$SpringApplicationAdmin - Application shutdown requested.
2023-02-08 17:27:40 [RMI TCP Connection(79)-127.0.0.1] INFO  o.a.catalina.core.StandardService - Stopping service [Tomcat]
2023-02-08 17:27:40 [RMI TCP Connection(79)-127.0.0.1] INFO  o.a.c.c.C.[Tomcat].[localhost].[/] - Destroying Spring FrameworkServlet 'dispatcherServlet'
2023-02-08 17:27:41 [RMI TCP Connection(79)-127.0.0.1] INFO  o.s.o.j.LocalContainerEntityManagerFactoryBean - Closing JPA EntityManagerFactory for persistence unit 'default'
2023-02-08 17:27:41 [RMI TCP Connection(79)-127.0.0.1] INFO  com.zaxxer.hikari.HikariDataSource - HikariPool-1 - Shutdown initiated...
2023-02-08 17:27:41 [RMI TCP Connection(79)-127.0.0.1] INFO  com.zaxxer.hikari.HikariDataSource - HikariPool-1 - Shutdown completed.
